Traceback (most recent call last):
  File "/opt/anaconda3/lib/python3.8/site-packages/jupyter_cache/executors/utils.py", line 51, in single_nb_execution
    executenb(
  File "/opt/anaconda3/lib/python3.8/site-packages/nbclient/client.py", line 1112, in execute
    return NotebookClient(nb=nb, resources=resources, km=km, **kwargs).execute()
  File "/opt/anaconda3/lib/python3.8/site-packages/nbclient/util.py", line 74, in wrapped
    return just_run(coro(*args, **kwargs))
  File "/opt/anaconda3/lib/python3.8/site-packages/nbclient/util.py", line 53, in just_run
    return loop.run_until_complete(coro)
  File "/opt/anaconda3/lib/python3.8/asyncio/base_events.py", line 616, in run_until_complete
    return future.result()
  File "/opt/anaconda3/lib/python3.8/site-packages/nbclient/client.py", line 553, in async_execute
    await self.async_execute_cell(
  File "/opt/anaconda3/lib/python3.8/site-packages/nbclient/client.py", line 857, in async_execute_cell
    self._check_raise_for_error(cell, exec_reply)
  File "/opt/anaconda3/lib/python3.8/site-packages/nbclient/client.py", line 760, in _check_raise_for_error
    raise CellExecutionError.from_cell_and_msg(cell, exec_reply_content)
nbclient.exceptions.CellExecutionError: An error occurred while executing the following cell:
------------------
#political parties' names and speeches as strings will be included in a dictionary
speech_by_party = {}
for party, filenames in speeches.items():
    speech_by_party[party] = files_to_string(filenames)
------------------

[0;31m---------------------------------------------------------------------------[0m
[0;31mFileNotFoundError[0m                         Traceback (most recent call last)
[0;32m<ipython-input-5-3ae906475bb5>[0m in [0;36m<module>[0;34m[0m
[1;32m      2[0m [0mspeech_by_party[0m [0;34m=[0m [0;34m{[0m[0;34m}[0m[0;34m[0m[0;34m[0m[0m
[1;32m      3[0m [0;32mfor[0m [0mparty[0m[0;34m,[0m [0mfilenames[0m [0;32min[0m [0mspeeches[0m[0;34m.[0m[0mitems[0m[0;34m([0m[0;34m)[0m[0;34m:[0m[0;34m[0m[0;34m[0m[0m
[0;32m----> 4[0;31m     [0mspeech_by_party[0m[0;34m[[0m[0mparty[0m[0;34m][0m [0;34m=[0m [0mfiles_to_string[0m[0;34m([0m[0mfilenames[0m[0;34m)[0m[0;34m[0m[0;34m[0m[0m
[0m
[0;32m<ipython-input-4-44515d3fb543>[0m in [0;36mfiles_to_string[0;34m(filenames)[0m
[1;32m      3[0m     [0mstrings[0m [0;34m=[0m [0;34m[[0m[0;34m][0m[0;34m[0m[0;34m[0m[0m
[1;32m      4[0m     [0;32mfor[0m [0mfilename[0m [0;32min[0m [0mfilenames[0m[0;34m:[0m[0;34m[0m[0;34m[0m[0m
[0;32m----> 5[0;31m         [0;32mwith[0m [0mopen[0m[0;34m([0m[0;34mf"speeches/political_speech_{filename}.txt"[0m[0;34m)[0m [0;32mas[0m [0mcontents[0m[0;34m:[0m[0;34m[0m[0;34m[0m[0m
[0m[1;32m      6[0m             [0mstrings[0m[0;34m.[0m[0mappend[0m[0;34m([0m[0mcontents[0m[0;34m.[0m[0mread[0m[0;34m([0m[0;34m)[0m[0;34m)[0m[0;34m[0m[0;34m[0m[0m
[1;32m      7[0m     [0;32mreturn[0m [0;34m"\n"[0m[0;34m.[0m[0mjoin[0m[0;34m([0m[0mstrings[0m[0;34m)[0m[0;34m[0m[0;34m[0m[0m

[0;31mFileNotFoundError[0m: [Errno 2] No such file or directory: 'speeches/political_speech_1.txt'
FileNotFoundError: [Errno 2] No such file or directory: 'speeches/political_speech_1.txt'

