Traceback (most recent call last):
  File "/opt/anaconda3/lib/python3.8/site-packages/jupyter_cache/executors/utils.py", line 51, in single_nb_execution
    executenb(
  File "/opt/anaconda3/lib/python3.8/site-packages/nbclient/client.py", line 1112, in execute
    return NotebookClient(nb=nb, resources=resources, km=km, **kwargs).execute()
  File "/opt/anaconda3/lib/python3.8/site-packages/nbclient/util.py", line 74, in wrapped
    return just_run(coro(*args, **kwargs))
  File "/opt/anaconda3/lib/python3.8/site-packages/nbclient/util.py", line 53, in just_run
    return loop.run_until_complete(coro)
  File "/opt/anaconda3/lib/python3.8/asyncio/base_events.py", line 616, in run_until_complete
    return future.result()
  File "/opt/anaconda3/lib/python3.8/site-packages/nbclient/client.py", line 553, in async_execute
    await self.async_execute_cell(
  File "/opt/anaconda3/lib/python3.8/site-packages/nbclient/client.py", line 857, in async_execute_cell
    self._check_raise_for_error(cell, exec_reply)
  File "/opt/anaconda3/lib/python3.8/site-packages/nbclient/client.py", line 760, in _check_raise_for_error
    raise CellExecutionError.from_cell_and_msg(cell, exec_reply_content)
nbclient.exceptions.CellExecutionError: An error occurred while executing the following cell:
------------------
#this cell is used to compare the graphs with and without stopwords

# figure size in inches optional
rcParams['figure.figsize'] = 20 , 20

# read images
img_A = mpimg.imread('composition_curve_stopwords.png')
img_B = mpimg.imread('composition_curve_no_stopwords.png')

# display images
fig, ax = plt.subplots(1,2)
ax[0].imshow(img_A)
ax[1].imshow(img_B)
ax[0].set_title("Distribution of word lengths(stopwords included)")
ax[1].set_title("Distribution of word lengths(stopwords excluded)");
------------------

[0;31m---------------------------------------------------------------------------[0m
[0;31mFileNotFoundError[0m                         Traceback (most recent call last)
[0;32m<ipython-input-8-665d556a8612>[0m in [0;36m<module>[0;34m[0m
[1;32m      5[0m [0;34m[0m[0m
[1;32m      6[0m [0;31m# read images[0m[0;34m[0m[0;34m[0m[0;34m[0m[0m
[0;32m----> 7[0;31m [0mimg_A[0m [0;34m=[0m [0mmpimg[0m[0;34m.[0m[0mimread[0m[0;34m([0m[0;34m'composition_curve_stopwords.png'[0m[0;34m)[0m[0;34m[0m[0;34m[0m[0m
[0m[1;32m      8[0m [0mimg_B[0m [0;34m=[0m [0mmpimg[0m[0;34m.[0m[0mimread[0m[0;34m([0m[0;34m'composition_curve_no_stopwords.png'[0m[0;34m)[0m[0;34m[0m[0;34m[0m[0m
[1;32m      9[0m [0;34m[0m[0m

[0;32m/opt/anaconda3/lib/python3.8/site-packages/matplotlib/image.py[0m in [0;36mimread[0;34m(fname, format)[0m
[1;32m   1494[0m                     [0mresponse[0m [0;34m=[0m [0mio[0m[0;34m.[0m[0mBytesIO[0m[0;34m([0m[0mresponse[0m[0;34m.[0m[0mread[0m[0;34m([0m[0;34m)[0m[0;34m)[0m[0;34m[0m[0;34m[0m[0m
[1;32m   1495[0m                 [0;32mreturn[0m [0mimread[0m[0;34m([0m[0mresponse[0m[0;34m,[0m [0mformat[0m[0;34m=[0m[0mext[0m[0;34m)[0m[0;34m[0m[0;34m[0m[0m
[0;32m-> 1496[0;31m     [0;32mwith[0m [0mimg_open[0m[0;34m([0m[0mfname[0m[0;34m)[0m [0;32mas[0m [0mimage[0m[0;34m:[0m[0;34m[0m[0;34m[0m[0m
[0m[1;32m   1497[0m         return (_pil_png_to_float_array(image)
[1;32m   1498[0m                 [0;32mif[0m [0misinstance[0m[0;34m([0m[0mimage[0m[0;34m,[0m [0mPIL[0m[0;34m.[0m[0mPngImagePlugin[0m[0;34m.[0m[0mPngImageFile[0m[0;34m)[0m [0;32melse[0m[0;34m[0m[0;34m[0m[0m

[0;32m/opt/anaconda3/lib/python3.8/site-packages/PIL/ImageFile.py[0m in [0;36m__init__[0;34m(self, fp, filename)[0m
[1;32m    107[0m         [0;32mif[0m [0misPath[0m[0;34m([0m[0mfp[0m[0;34m)[0m[0;34m:[0m[0;34m[0m[0;34m[0m[0m
[1;32m    108[0m             [0;31m# filename[0m[0;34m[0m[0;34m[0m[0;34m[0m[0m
[0;32m--> 109[0;31m             [0mself[0m[0;34m.[0m[0mfp[0m [0;34m=[0m [0mopen[0m[0;34m([0m[0mfp[0m[0;34m,[0m [0;34m"rb"[0m[0;34m)[0m[0;34m[0m[0;34m[0m[0m
[0m[1;32m    110[0m             [0mself[0m[0;34m.[0m[0mfilename[0m [0;34m=[0m [0mfp[0m[0;34m[0m[0;34m[0m[0m
[1;32m    111[0m             [0mself[0m[0;34m.[0m[0m_exclusive_fp[0m [0;34m=[0m [0;32mTrue[0m[0;34m[0m[0;34m[0m[0m

[0;31mFileNotFoundError[0m: [Errno 2] No such file or directory: 'composition_curve_stopwords.png'
FileNotFoundError: [Errno 2] No such file or directory: 'composition_curve_stopwords.png'

